\BOOKMARK [2][-]{section*.1}{\376\377\000A\000b\000s\000t\000r\000a\000c\000t}{}% 1
\BOOKMARK [2][-]{section*.2}{\376\377\0001\000.\000\040\000I\000n\000t\000r\000o\000d\000u\000c\000t\000i\000o\000n}{}% 2
\BOOKMARK [2][-]{section*.3}{\376\377\0002\000.\000\040\000P\000r\000e\000s\000s\000u\000r\000e\000\040\000p\000o\000i\000n\000t\000s}{}% 3
\BOOKMARK [3][-]{section*.4}{\376\377\0002\000.\0001\000\040\000D\000e\000f\000i\000n\000i\000t\000i\000o\000n}{section*.3}% 4
\BOOKMARK [3][-]{section*.5}{\376\377\0002\000.\0002\000\040\000W\000h\000y\000\040\000r\000e\000s\000e\000a\000r\000c\000h\000\040\000i\000s\000\040\000a\000\040\000p\000r\000e\000s\000s\000u\000r\000e\000\040\000p\000o\000i\000n\000t}{section*.3}% 5
\BOOKMARK [2][-]{section*.6}{\376\377\0003\000.\000\040\000T\000h\000e\000\040\000a\000n\000a\000l\000y\000s\000i\000s\000\040\000l\000a\000y\000e\000r}{}% 6
\BOOKMARK [3][-]{section*.7}{\376\377\0003\000.\0001\000\040\000D\000e\000f\000i\000n\000i\000t\000i\000o\000n}{section*.6}% 7
\BOOKMARK [3][-]{section*.8}{\376\377\0003\000.\0002\000\040\000N\000o\000n\000-\000v\000e\000r\000i\000f\000i\000a\000b\000l\000e\000\040\000s\000e\000l\000e\000c\000t\000i\000o\000n\000\040\000p\000r\000i\000m\000i\000t\000i\000v\000e}{section*.6}% 8
\BOOKMARK [3][-]{section*.9}{\376\377\0003\000.\0003\000\040\000F\000r\000o\000m\000\040\000s\000u\000m\000m\000a\000r\000i\000e\000s\000\040\000t\000o\000\040\000i\000n\000t\000e\000r\000v\000e\000n\000t\000i\000o\000n\000\040\000v\000a\000l\000i\000d\000i\000t\000y}{section*.6}% 9
\BOOKMARK [2][-]{section*.10}{\376\377\0004\000.\000\040\000T\000i\000m\000e\000-\000t\000o\000-\000a\000n\000a\000l\000y\000s\000i\000s\000\040\000m\000e\000t\000r\000i\000c\000s}{}% 10
\BOOKMARK [3][-]{section*.11}{\376\377\0004\000.\0001\000\040\000T\000i\000m\000e\000-\000t\000o\000-\000a\000n\000a\000l\000y\000s\000i\000s\000\040\000\050\000T\000T\000A\000\051}{section*.10}% 11
\BOOKMARK [3][-]{section*.12}{\376\377\0004\000.\0002\000\040\000C\000o\000m\000p\000u\000t\000e\000-\000t\000o\000-\000a\000n\000a\000l\000y\000s\000i\000s\000\040\000\050\000C\000T\000A\000\051}{section*.10}% 12
\BOOKMARK [3][-]{section*.13}{\376\377\0004\000.\0003\000\040\000D\000e\000c\000i\000s\000i\000o\000n\000\040\000s\000t\000a\000b\000i\000l\000i\000t\000y}{section*.10}% 13
\BOOKMARK [2][-]{section*.14}{\376\377\0005\000.\000\040\000R\000e\000g\000u\000l\000a\000t\000e\000d\000\040\000r\000e\000s\000e\000a\000r\000c\000h\000\040\000s\000y\000s\000t\000e\000m\000s}{}% 14
\BOOKMARK [3][-]{section*.15}{\376\377\0005\000.\0001\000\040\000B\000a\000s\000e\000l\000i\000n\000e\000\040\000v\000s\000\040\000a\000c\000t\000i\000v\000a\000t\000i\000o\000n}{section*.14}% 15
\BOOKMARK [3][-]{section*.16}{\376\377\0005\000.\0002\000\040\000A\000n\000a\000l\000y\000s\000i\000s\000\040\000b\000u\000r\000s\000t\000s\000\040\000a\000n\000d\000\040\000c\000o\000n\000t\000a\000i\000n\000e\000r\000\040\000f\000o\000r\000m\000a\000t\000i\000o\000n}{section*.14}% 16
\BOOKMARK [2][-]{section*.17}{\376\377\0006\000.\000\040\000A\000r\000c\000h\000i\000t\000e\000c\000t\000u\000r\000e}{}% 17
\BOOKMARK [3][-]{section*.18}{\376\377\0006\000.\0001\000\040\000P\000i\000p\000e\000l\000i\000n\000e\000\040\000o\000v\000e\000r\000v\000i\000e\000w}{section*.17}% 18
\BOOKMARK [3][-]{section*.19}{\376\377\0006\000.\0002\000\040\000O\000u\000t\000p\000u\000t\000\040\000s\000c\000h\000e\000m\000a\000\040\000\050\000a\000n\000a\000l\000y\000s\000i\000s\000\040\000a\000r\000t\000i\000f\000a\000c\000t\000\051}{section*.17}% 19
\BOOKMARK [3][-]{section*.20}{\376\377\0006\000.\0003\000\040\000G\000u\000a\000r\000d\000r\000a\000i\000l\000s\000\040\000a\000g\000a\000i\000n\000s\000t\000\040\000o\000v\000e\000r\000c\000o\000n\000f\000i\000d\000e\000n\000c\000e}{section*.17}% 20
\BOOKMARK [2][-]{section*.21}{\376\377\0007\000.\000\040\000W\000h\000y\000\040\000a\000n\000a\000l\000y\000s\000i\000s\000\040\000l\000a\000y\000e\000r\000s\000\040\000r\000e\000d\000u\000c\000e\000\040\000c\000o\000m\000p\000u\000t\000e\000\040\000a\000n\000d\000\040\000e\000n\000e\000r\000g\000y}{}% 21
\BOOKMARK [3][-]{section*.22}{\376\377\0007\000.\0001\000\040\000A\000v\000o\000i\000d\000i\000n\000g\000\040\000r\000e\000p\000e\000a\000t\000e\000d\000\040\000r\000e\000c\000o\000m\000p\000u\000t\000a\000t\000i\000o\000n}{section*.21}% 22
\BOOKMARK [3][-]{section*.23}{\376\377\0007\000.\0002\000\040\000D\000u\000t\000y\000-\000c\000y\000c\000l\000e\000\040\000r\000e\000d\000u\000c\000t\000i\000o\000n}{section*.21}% 23
\BOOKMARK [2][-]{section*.24}{\376\377\0008\000.\000\040\000F\000a\000l\000s\000i\000f\000i\000a\000b\000l\000e\000\040\000e\000x\000p\000e\000r\000i\000m\000e\000n\000t\000s}{}% 24
\BOOKMARK [3][-]{section*.25}{\376\377\0008\000.\0001\000\040\000E\000x\000p\000e\000r\000i\000m\000e\000n\000t\000\040\000A\000:\000\040\000d\000e\000c\000i\000s\000i\000o\000n\000\040\000t\000a\000s\000k\000s\000\040\000w\000i\000t\000h\000\040\000c\000o\000n\000t\000r\000o\000l\000l\000e\000d\000\040\000e\000v\000i\000d\000e\000n\000c\000e}{section*.24}% 25
\BOOKMARK [3][-]{section*.26}{\376\377\0008\000.\0002\000\040\000E\000x\000p\000e\000r\000i\000m\000e\000n\000t\000\040\000B\000:\000\040\000t\000r\000a\000n\000s\000f\000e\000r\000\040\000r\000o\000b\000u\000s\000t\000n\000e\000s\000s}{section*.24}% 26
\BOOKMARK [3][-]{section*.27}{\376\377\0008\000.\0003\000\040\000E\000x\000p\000e\000r\000i\000m\000e\000n\000t\000\040\000C\000:\000\040\000a\000d\000v\000e\000r\000s\000a\000r\000i\000a\000l\000\040\000e\000v\000i\000d\000e\000n\000c\000e\000\040\000i\000n\000j\000e\000c\000t\000i\000o\000n}{section*.24}% 27
\BOOKMARK [2][-]{section*.28}{\376\377\0009\000.\000\040\000L\000i\000m\000i\000t\000a\000t\000i\000o\000n\000s}{}% 28
\BOOKMARK [2][-]{section*.29}{\376\377\0001\0000\000.\000\040\000C\000o\000n\000c\000l\000u\000s\000i\000o\000n}{}% 29
\BOOKMARK [2][-]{section*.30}{\376\377\000A\000p\000p\000e\000n\000d\000i\000x\000\040\000A\000:\000\040\000S\000u\000g\000g\000e\000s\000t\000e\000d\000\040\000f\000i\000g\000u\000r\000e\000s}{}% 30
\BOOKMARK [2][-]{section*.31}{\376\377\000A\000p\000p\000e\000n\000d\000i\000x\000\040\000B\000:\000\040\000M\000i\000n\000i\000m\000a\000l\000\040\000`\000`\000a\000n\000a\000l\000y\000s\000i\000s\000\040\000l\000a\000y\000e\000r\000'\000'\000\040\000c\000h\000e\000c\000k\000l\000i\000s\000t}{}% 31
